22:27:48 | numexpr.utils        | INFO | NumExpr defaulting to 8 threads.
22:27:51 | train                | INFO | 
======================================================================
22:27:51 | train                | INFO |   AuraMarketNet Training Pipeline
22:27:51 | train                | INFO | ======================================================================

22:27:51 | train                | INFO | Building dataset for 10 tickers: ['AAPL', 'TSLA', 'GOOGL', 'MSFT', 'AMZN', 'NVDA', 'META', 'NFLX', 'AMD', 'SPY']
22:27:51 | train                | ERROR | Training failed: 'Config' object has no attribute 'CACHE_DIR'
Traceback (most recent call last):
  File "/Users/mdmahadehasanmishuk/Desktop/AuraMarketNet/train.py", line 241, in main
    model, metrics = train(args)
                     ^^^^^^^^^^^
  File "/Users/mdmahadehasanmishuk/Desktop/AuraMarketNet/train.py", line 183, in train
    dataset = build_dataset(args)
              ^^^^^^^^^^^^^^^^^^^
  File "/Users/mdmahadehasanmishuk/Desktop/AuraMarketNet/train.py", line 79, in build_dataset
    fetcher = MarketDataFetcher(cache_dir=str(CFG.CACHE_DIR))
                                              ^^^^^^^^^^^^^
AttributeError: 'Config' object has no attribute 'CACHE_DIR'
22:36:12 | numexpr.utils        | INFO | NumExpr defaulting to 8 threads.
22:36:12 | train                | INFO | 
======================================================================
22:36:12 | train                | INFO |   AuraMarketNet Training Pipeline
22:36:12 | train                | INFO | ======================================================================

22:36:12 | train                | INFO | Building dataset for 10 tickers: ['AAPL', 'TSLA', 'GOOGL', 'MSFT', 'AMZN', 'NVDA', 'META', 'NFLX', 'AMD', 'SPY']
22:36:12 | train                | INFO | Processing AAPL...
22:36:14 | utils.data_loader    | INFO | Fetching AAPL from Yahoo Finance (2020-01-01 to 2024-12-31)
22:36:15 | utils.data_loader    | INFO | Fetched 1257 rows for AAPL
22:36:15 | utils.feature_engineering | INFO | Computed 45 features for 1257 rows
22:36:15 | train                | INFO |   AAPL: 1226 sequences | UP=53.26% | Return: μ=0.0011 σ=0.0200
22:36:15 | train                | INFO | Processing TSLA...
22:36:15 | utils.data_loader    | INFO | Fetching TSLA from Yahoo Finance (2020-01-01 to 2024-12-31)
22:36:15 | utils.data_loader    | INFO | Fetched 1257 rows for TSLA
22:36:15 | utils.feature_engineering | INFO | Computed 45 features for 1257 rows
22:36:15 | train                | INFO |   TSLA: 1226 sequences | UP=52.85% | Return: μ=0.0025 σ=0.0416
22:36:15 | train                | INFO | Processing GOOGL...
22:36:15 | utils.data_loader    | INFO | Fetching GOOGL from Yahoo Finance (2020-01-01 to 2024-12-31)
22:36:15 | utils.data_loader    | INFO | Fetched 1257 rows for GOOGL
22:36:15 | utils.feature_engineering | INFO | Computed 45 features for 1257 rows
22:36:15 | train                | INFO |   GOOGL: 1226 sequences | UP=54.24% | Return: μ=0.0010 σ=0.0206
22:36:15 | train                | INFO | Processing MSFT...
22:36:15 | utils.data_loader    | INFO | Fetching MSFT from Yahoo Finance (2020-01-01 to 2024-12-31)
22:36:15 | utils.data_loader    | INFO | Fetched 1257 rows for MSFT
22:36:15 | utils.feature_engineering | INFO | Computed 45 features for 1257 rows
22:36:15 | train                | INFO |   MSFT: 1226 sequences | UP=52.69% | Return: μ=0.0009 σ=0.0193
22:36:15 | train                | INFO | Processing AMZN...
22:36:15 | utils.data_loader    | INFO | Fetching AMZN from Yahoo Finance (2020-01-01 to 2024-12-31)
22:36:15 | utils.data_loader    | INFO | Fetched 1257 rows for AMZN
22:36:15 | utils.feature_engineering | INFO | Computed 45 features for 1257 rows
22:36:15 | train                | INFO |   AMZN: 1226 sequences | UP=52.04% | Return: μ=0.0009 σ=0.0228
22:36:15 | train                | INFO | Processing NVDA...
22:36:15 | utils.data_loader    | INFO | Fetching NVDA from Yahoo Finance (2020-01-01 to 2024-12-31)
22:36:16 | utils.data_loader    | INFO | Fetched 1257 rows for NVDA
22:36:16 | utils.feature_engineering | INFO | Computed 45 features for 1257 rows
22:36:16 | train                | INFO |   NVDA: 1226 sequences | UP=54.32% | Return: μ=0.0030 σ=0.0342
22:36:16 | train                | INFO | Processing META...
22:36:16 | utils.data_loader    | INFO | Fetching META from Yahoo Finance (2020-01-01 to 2024-12-31)
22:36:16 | utils.data_loader    | INFO | Fetched 1257 rows for META
22:36:16 | utils.feature_engineering | INFO | Computed 45 features for 1257 rows
22:36:16 | train                | INFO |   META: 1226 sequences | UP=51.71% | Return: μ=0.0012 σ=0.0285
22:36:16 | train                | INFO | Processing NFLX...
22:36:16 | utils.data_loader    | INFO | Fetching NFLX from Yahoo Finance (2020-01-01 to 2024-12-31)
22:36:16 | utils.data_loader    | INFO | Fetched 1257 rows for NFLX
22:36:16 | utils.feature_engineering | INFO | Computed 45 features for 1257 rows
22:36:16 | train                | INFO |   NFLX: 1226 sequences | UP=51.22% | Return: μ=0.0011 σ=0.0288
22:36:16 | train                | INFO | Processing AMD...
22:36:16 | utils.data_loader    | INFO | Fetching AMD from Yahoo Finance (2020-01-01 to 2024-12-31)
22:36:16 | utils.data_loader    | INFO | Fetched 1257 rows for AMD
22:36:16 | utils.feature_engineering | INFO | Computed 45 features for 1257 rows
22:36:16 | train                | INFO |   AMD: 1226 sequences | UP=49.02% | Return: μ=0.0012 σ=0.0333
22:36:16 | train                | INFO | Processing SPY...
22:36:16 | utils.data_loader    | INFO | Fetching SPY from Yahoo Finance (2020-01-01 to 2024-12-31)
22:36:16 | utils.data_loader    | INFO | Fetched 1257 rows for SPY
22:36:16 | utils.feature_engineering | INFO | Computed 45 features for 1257 rows
22:36:16 | train                | INFO |   SPY: 1226 sequences | UP=54.57% | Return: μ=0.0006 σ=0.0133
22:36:16 | train                | INFO | 
Total dataset: 12,260 samples
22:36:16 | train                | INFO | Feature shape: (12260, 30, 20)
22:36:16 | train                | INFO | Direction balance: UP=52.59%
22:36:17 | httpx                | INFO | HTTP Request: HEAD https://huggingface.co/ProsusAI/finbert/resolve/main/config.json "HTTP/1.1 307 Temporary Redirect"
22:36:17 | httpx                | INFO | HTTP Request: HEAD https://huggingface.co/api/resolve-cache/models/ProsusAI/finbert/4556d13015211d73dccd3fdd39d39232506f3e43/config.json "HTTP/1.1 200 OK"
22:36:17 | httpx                | INFO | HTTP Request: GET https://huggingface.co/api/resolve-cache/models/ProsusAI/finbert/4556d13015211d73dccd3fdd39d39232506f3e43/config.json "HTTP/1.1 200 OK"
22:36:17 | httpx                | INFO | HTTP Request: HEAD https://huggingface.co/ProsusAI/finbert/resolve/main/tokenizer_config.json "HTTP/1.1 307 Temporary Redirect"
22:36:17 | httpx                | INFO | HTTP Request: HEAD https://huggingface.co/api/resolve-cache/models/ProsusAI/finbert/4556d13015211d73dccd3fdd39d39232506f3e43/tokenizer_config.json "HTTP/1.1 200 OK"
22:36:17 | httpx                | INFO | HTTP Request: GET https://huggingface.co/api/resolve-cache/models/ProsusAI/finbert/4556d13015211d73dccd3fdd39d39232506f3e43/tokenizer_config.json "HTTP/1.1 200 OK"
22:36:17 | httpx                | INFO | HTTP Request: GET https://huggingface.co/api/models/ProsusAI/finbert/tree/main/additional_chat_templates?recursive=false&expand=false "HTTP/1.1 404 Not Found"
22:36:17 | httpx                | INFO | HTTP Request: GET https://huggingface.co/api/models/ProsusAI/finbert/tree/main?recursive=true&expand=false "HTTP/1.1 200 OK"
22:36:17 | httpx                | INFO | HTTP Request: HEAD https://huggingface.co/ProsusAI/finbert/resolve/main/vocab.txt "HTTP/1.1 307 Temporary Redirect"
22:36:17 | httpx                | INFO | HTTP Request: HEAD https://huggingface.co/api/resolve-cache/models/ProsusAI/finbert/4556d13015211d73dccd3fdd39d39232506f3e43/vocab.txt "HTTP/1.1 200 OK"
22:36:17 | httpx                | INFO | HTTP Request: GET https://huggingface.co/api/resolve-cache/models/ProsusAI/finbert/4556d13015211d73dccd3fdd39d39232506f3e43/vocab.txt "HTTP/1.1 200 OK"
22:36:17 | httpx                | INFO | HTTP Request: HEAD https://huggingface.co/ProsusAI/finbert/resolve/main/tokenizer.json "HTTP/1.1 404 Not Found"
22:36:17 | huggingface_hub.utils._http | WARNING | Warning: You are sending unauthenticated requests to the HF Hub. Please set a HF_TOKEN to enable higher rate limits and faster downloads.
22:36:17 | httpx                | INFO | HTTP Request: HEAD https://huggingface.co/ProsusAI/finbert/resolve/main/added_tokens.json "HTTP/1.1 404 Not Found"
22:36:17 | httpx                | INFO | HTTP Request: HEAD https://huggingface.co/ProsusAI/finbert/resolve/main/special_tokens_map.json "HTTP/1.1 307 Temporary Redirect"
22:36:17 | httpx                | INFO | HTTP Request: HEAD https://huggingface.co/api/resolve-cache/models/ProsusAI/finbert/4556d13015211d73dccd3fdd39d39232506f3e43/special_tokens_map.json "HTTP/1.1 200 OK"
22:36:17 | httpx                | INFO | HTTP Request: GET https://huggingface.co/api/resolve-cache/models/ProsusAI/finbert/4556d13015211d73dccd3fdd39d39232506f3e43/special_tokens_map.json "HTTP/1.1 200 OK"
22:36:17 | httpx                | INFO | HTTP Request: HEAD https://huggingface.co/ProsusAI/finbert/resolve/main/chat_template.jinja "HTTP/1.1 404 Not Found"
22:36:17 | utils.data_loader    | INFO | Dataset initialized: 12260 samples
22:36:17 | utils.data_loader    | INFO |   Direction distribution: Class 0: 47.4% | Class 1: 52.6%
22:36:17 | train                | INFO | Dataset built in 5.2s
22:36:17 | utils.data_loader    | INFO | DataLoader splits: train=8582, val=1839, test=1839
22:36:17 | train                | INFO | 
Building model...
22:36:17 | models.text_encoder  | INFO | Loading pretrained model: ProsusAI/finbert
22:36:18 | httpx                | INFO | HTTP Request: HEAD https://huggingface.co/ProsusAI/finbert/resolve/main/config.json "HTTP/1.1 307 Temporary Redirect"
22:36:18 | httpx                | INFO | HTTP Request: HEAD https://huggingface.co/api/resolve-cache/models/ProsusAI/finbert/4556d13015211d73dccd3fdd39d39232506f3e43/config.json "HTTP/1.1 200 OK"
22:36:20 | httpx                | INFO | HTTP Request: HEAD https://huggingface.co/ProsusAI/finbert/resolve/main/model.safetensors "HTTP/1.1 404 Not Found"
22:36:20 | httpx                | INFO | HTTP Request: HEAD https://huggingface.co/ProsusAI/finbert/resolve/main/model.safetensors.index.json "HTTP/1.1 404 Not Found"
22:36:20 | httpx                | INFO | HTTP Request: HEAD https://huggingface.co/ProsusAI/finbert/resolve/main/pytorch_model.bin "HTTP/1.1 302 Found"
22:36:21 | httpx                | INFO | HTTP Request: GET https://huggingface.co/api/models/ProsusAI/finbert/xet-read-token/4556d13015211d73dccd3fdd39d39232506f3e43 "HTTP/1.1 200 OK"
22:36:54 | httpx                | INFO | HTTP Request: HEAD https://huggingface.co/ProsusAI/finbert/resolve/main/model.safetensors "HTTP/1.1 404 Not Found"
22:36:54 | train                | ERROR | Training failed: Due to a serious vulnerability issue in `torch.load`, even with `weights_only=True`, we now require users to upgrade torch to at least v2.6 in order to use the function. This version restriction does not apply when loading files with safetensors.
See the vulnerability report here https://nvd.nist.gov/vuln/detail/CVE-2025-32434
Traceback (most recent call last):
  File "/Users/mdmahadehasanmishuk/Desktop/AuraMarketNet/train.py", line 241, in main
    model, metrics = train(args)
                     ^^^^^^^^^^^
  File "/Users/mdmahadehasanmishuk/Desktop/AuraMarketNet/train.py", line 198, in train
    model = create_model(CFG)
            ^^^^^^^^^^^^^^^^^
  File "/Users/mdmahadehasanmishuk/Desktop/AuraMarketNet/models/aura_market_net.py", line 353, in create_model
    model = AuraMarketNet(
            ^^^^^^^^^^^^^^
  File "/Users/mdmahadehasanmishuk/Desktop/AuraMarketNet/models/aura_market_net.py", line 136, in __init__
    self.text_encoder = MultiTextEncoder(
                        ^^^^^^^^^^^^^^^^^
  File "/Users/mdmahadehasanmishuk/Desktop/AuraMarketNet/models/text_encoder.py", line 193, in __init__
    self.encoder = FinBERTEncoder(
                   ^^^^^^^^^^^^^^^
  File "/Users/mdmahadehasanmishuk/Desktop/AuraMarketNet/models/text_encoder.py", line 48, in __init__
    self.bert = AutoModel.from_pretrained(
                ^^^^^^^^^^^^^^^^^^^^^^^^^^
  File "/opt/miniconda3/lib/python3.12/site-packages/transformers/models/auto/auto_factory.py", line 374, in from_pretrained
    return model_class.from_pretrained(
           ^^^^^^^^^^^^^^^^^^^^^^^^^^^^
  File "/opt/miniconda3/lib/python3.12/site-packages/transformers/modeling_utils.py", line 4085, in from_pretrained
    config, dtype = _get_dtype(
                    ^^^^^^^^^^^
  File "/opt/miniconda3/lib/python3.12/site-packages/transformers/modeling_utils.py", line 786, in _get_dtype
    state_dict = load_state_dict(
                 ^^^^^^^^^^^^^^^^
  File "/opt/miniconda3/lib/python3.12/site-packages/transformers/modeling_utils.py", line 319, in load_state_dict
    check_torch_load_is_safe()
  File "/opt/miniconda3/lib/python3.12/site-packages/transformers/utils/import_utils.py", line 1270, in check_torch_load_is_safe
    raise ValueError(
ValueError: Due to a serious vulnerability issue in `torch.load`, even with `weights_only=True`, we now require users to upgrade torch to at least v2.6 in order to use the function. This version restriction does not apply when loading files with safetensors.
See the vulnerability report here https://nvd.nist.gov/vuln/detail/CVE-2025-32434
22:36:54 | httpx                | INFO | HTTP Request: GET https://huggingface.co/api/models/ProsusAI/finbert "HTTP/1.1 200 OK"
22:36:54 | httpx                | INFO | HTTP Request: GET https://huggingface.co/api/models/ProsusAI/finbert/commits/main "HTTP/1.1 200 OK"
22:36:54 | httpx                | INFO | HTTP Request: GET https://huggingface.co/api/models/ProsusAI/finbert/discussions?p=0 "HTTP/1.1 200 OK"
22:36:54 | httpx                | INFO | HTTP Request: GET https://huggingface.co/api/models/ProsusAI/finbert/commits/refs%2Fpr%2F29 "HTTP/1.1 200 OK"
22:36:54 | httpx                | INFO | HTTP Request: HEAD https://huggingface.co/ProsusAI/finbert/resolve/refs%2Fpr%2F29/model.safetensors.index.json "HTTP/1.1 404 Not Found"
22:36:54 | httpx                | INFO | HTTP Request: HEAD https://huggingface.co/ProsusAI/finbert/resolve/refs%2Fpr%2F29/model.safetensors "HTTP/1.1 302 Found"
22:36:54 | httpx                | INFO | HTTP Request: GET https://huggingface.co/api/models/ProsusAI/finbert/xet-read-token/7db323f79b751944bcfa66298ec06977e4518306 "HTTP/1.1 200 OK"
22:38:46 | numexpr.utils        | INFO | NumExpr defaulting to 8 threads.
22:38:47 | train                | INFO | 
======================================================================
22:38:47 | train                | INFO |   AuraMarketNet Training Pipeline
22:38:47 | train                | INFO | ======================================================================

22:38:47 | train                | INFO | Building dataset for 2 tickers: ['AAPL', 'TSLA']
22:38:47 | train                | INFO | Processing AAPL...
22:38:47 | utils.data_loader    | INFO | Loading AAPL from cache
22:38:47 | utils.feature_engineering | INFO | Computed 45 features for 1257 rows
22:38:47 | train                | INFO |   AAPL: 1226 sequences | UP=53.26% | Return: μ=0.0011 σ=0.0200
22:38:47 | train                | INFO | Processing TSLA...
22:38:47 | utils.data_loader    | INFO | Loading TSLA from cache
22:38:47 | utils.feature_engineering | INFO | Computed 45 features for 1257 rows
22:38:47 | train                | INFO |   TSLA: 1226 sequences | UP=52.85% | Return: μ=0.0025 σ=0.0416
22:38:47 | train                | INFO | 
Total dataset: 2,452 samples
22:38:47 | train                | INFO | Feature shape: (2452, 30, 20)
22:38:47 | train                | INFO | Direction balance: UP=53.06%
22:38:47 | httpx                | INFO | HTTP Request: HEAD https://huggingface.co/ProsusAI/finbert/resolve/main/config.json "HTTP/1.1 307 Temporary Redirect"
22:38:47 | httpx                | INFO | HTTP Request: HEAD https://huggingface.co/api/resolve-cache/models/ProsusAI/finbert/4556d13015211d73dccd3fdd39d39232506f3e43/config.json "HTTP/1.1 200 OK"
22:38:47 | httpx                | INFO | HTTP Request: HEAD https://huggingface.co/ProsusAI/finbert/resolve/main/tokenizer_config.json "HTTP/1.1 307 Temporary Redirect"
22:38:47 | httpx                | INFO | HTTP Request: HEAD https://huggingface.co/api/resolve-cache/models/ProsusAI/finbert/4556d13015211d73dccd3fdd39d39232506f3e43/tokenizer_config.json "HTTP/1.1 200 OK"
22:38:47 | httpx                | INFO | HTTP Request: GET https://huggingface.co/api/models/ProsusAI/finbert/tree/main/additional_chat_templates?recursive=false&expand=false "HTTP/1.1 404 Not Found"
22:38:47 | httpx                | INFO | HTTP Request: GET https://huggingface.co/api/models/ProsusAI/finbert/tree/main?recursive=true&expand=false "HTTP/1.1 200 OK"
22:38:47 | utils.data_loader    | INFO | Dataset initialized: 2452 samples
22:38:47 | utils.data_loader    | INFO |   Direction distribution: Class 0: 46.9% | Class 1: 53.1%
22:38:47 | train                | INFO | Dataset built in 0.6s
22:38:47 | utils.data_loader    | INFO | DataLoader splits: train=1718, val=367, test=367
22:38:47 | train                | INFO | 
Building model...
22:38:47 | models.text_encoder  | INFO | Loading pretrained model: ProsusAI/finbert
22:38:47 | httpx                | INFO | HTTP Request: HEAD https://huggingface.co/ProsusAI/finbert/resolve/main/config.json "HTTP/1.1 307 Temporary Redirect"
22:38:47 | httpx                | INFO | HTTP Request: HEAD https://huggingface.co/api/resolve-cache/models/ProsusAI/finbert/4556d13015211d73dccd3fdd39d39232506f3e43/config.json "HTTP/1.1 200 OK"
22:38:48 | httpx                | INFO | HTTP Request: HEAD https://huggingface.co/ProsusAI/finbert/resolve/main/model.safetensors "HTTP/1.1 404 Not Found"
22:38:48 | huggingface_hub.utils._http | WARNING | Warning: You are sending unauthenticated requests to the HF Hub. Please set a HF_TOKEN to enable higher rate limits and faster downloads.
22:38:48 | train                | ERROR | Training failed: Due to a serious vulnerability issue in `torch.load`, even with `weights_only=True`, we now require users to upgrade torch to at least v2.6 in order to use the function. This version restriction does not apply when loading files with safetensors.
See the vulnerability report here https://nvd.nist.gov/vuln/detail/CVE-2025-32434
Traceback (most recent call last):
  File "/Users/mdmahadehasanmishuk/Desktop/AuraMarketNet/train.py", line 241, in main
    model, metrics = train(args)
                     ^^^^^^^^^^^
  File "/Users/mdmahadehasanmishuk/Desktop/AuraMarketNet/train.py", line 198, in train
    model = create_model(CFG)
            ^^^^^^^^^^^^^^^^^
  File "/Users/mdmahadehasanmishuk/Desktop/AuraMarketNet/models/aura_market_net.py", line 353, in create_model
    model = AuraMarketNet(
            ^^^^^^^^^^^^^^
  File "/Users/mdmahadehasanmishuk/Desktop/AuraMarketNet/models/aura_market_net.py", line 136, in __init__
    self.text_encoder = MultiTextEncoder(
                        ^^^^^^^^^^^^^^^^^
  File "/Users/mdmahadehasanmishuk/Desktop/AuraMarketNet/models/text_encoder.py", line 193, in __init__
    self.encoder = FinBERTEncoder(
                   ^^^^^^^^^^^^^^^
  File "/Users/mdmahadehasanmishuk/Desktop/AuraMarketNet/models/text_encoder.py", line 48, in __init__
    self.bert = AutoModel.from_pretrained(
                ^^^^^^^^^^^^^^^^^^^^^^^^^^
  File "/opt/miniconda3/lib/python3.12/site-packages/transformers/models/auto/auto_factory.py", line 374, in from_pretrained
    return model_class.from_pretrained(
           ^^^^^^^^^^^^^^^^^^^^^^^^^^^^
  File "/opt/miniconda3/lib/python3.12/site-packages/transformers/modeling_utils.py", line 4085, in from_pretrained
    config, dtype = _get_dtype(
                    ^^^^^^^^^^^
  File "/opt/miniconda3/lib/python3.12/site-packages/transformers/modeling_utils.py", line 786, in _get_dtype
    state_dict = load_state_dict(
                 ^^^^^^^^^^^^^^^^
  File "/opt/miniconda3/lib/python3.12/site-packages/transformers/modeling_utils.py", line 319, in load_state_dict
    check_torch_load_is_safe()
  File "/opt/miniconda3/lib/python3.12/site-packages/transformers/utils/import_utils.py", line 1270, in check_torch_load_is_safe
    raise ValueError(
ValueError: Due to a serious vulnerability issue in `torch.load`, even with `weights_only=True`, we now require users to upgrade torch to at least v2.6 in order to use the function. This version restriction does not apply when loading files with safetensors.
See the vulnerability report here https://nvd.nist.gov/vuln/detail/CVE-2025-32434
22:38:48 | httpx                | INFO | HTTP Request: GET https://huggingface.co/api/models/ProsusAI/finbert "HTTP/1.1 200 OK"
22:38:48 | httpx                | INFO | HTTP Request: GET https://huggingface.co/api/models/ProsusAI/finbert/commits/main "HTTP/1.1 200 OK"
22:38:48 | httpx                | INFO | HTTP Request: GET https://huggingface.co/api/models/ProsusAI/finbert/discussions?p=0 "HTTP/1.1 200 OK"
22:38:48 | httpx                | INFO | HTTP Request: GET https://huggingface.co/api/models/ProsusAI/finbert/commits/refs%2Fpr%2F29 "HTTP/1.1 200 OK"
22:38:48 | httpx                | INFO | HTTP Request: HEAD https://huggingface.co/ProsusAI/finbert/resolve/refs%2Fpr%2F29/model.safetensors.index.json "HTTP/1.1 404 Not Found"
22:38:48 | httpx                | INFO | HTTP Request: HEAD https://huggingface.co/ProsusAI/finbert/resolve/refs%2Fpr%2F29/model.safetensors "HTTP/1.1 302 Found"
22:42:54 | numexpr.utils        | INFO | NumExpr defaulting to 8 threads.
22:42:54 | train                | INFO | 
======================================================================
22:42:54 | train                | INFO |   AuraMarketNet Training Pipeline
22:42:54 | train                | INFO | ======================================================================

22:42:54 | train                | INFO | Building dataset for 2 tickers: ['AAPL', 'TSLA']
22:42:54 | train                | INFO | Processing AAPL...
22:42:54 | utils.data_loader    | INFO | Loading AAPL from cache
22:42:54 | utils.feature_engineering | INFO | Computed 45 features for 1257 rows
22:42:54 | train                | INFO |   AAPL: 1226 sequences | UP=53.26% | Return: μ=0.0011 σ=0.0200
22:42:54 | train                | INFO | Processing TSLA...
22:42:54 | utils.data_loader    | INFO | Loading TSLA from cache
22:42:54 | utils.feature_engineering | INFO | Computed 45 features for 1257 rows
22:42:54 | train                | INFO |   TSLA: 1226 sequences | UP=52.85% | Return: μ=0.0025 σ=0.0416
22:42:54 | train                | INFO | 
Total dataset: 2,452 samples
22:42:54 | train                | INFO | Feature shape: (2452, 30, 20)
22:42:54 | train                | INFO | Direction balance: UP=53.06%
22:42:54 | httpx                | INFO | HTTP Request: HEAD https://huggingface.co/ProsusAI/finbert/resolve/main/config.json "HTTP/1.1 307 Temporary Redirect"
22:42:54 | huggingface_hub.utils._http | WARNING | Warning: You are sending unauthenticated requests to the HF Hub. Please set a HF_TOKEN to enable higher rate limits and faster downloads.
22:42:54 | httpx                | INFO | HTTP Request: HEAD https://huggingface.co/api/resolve-cache/models/ProsusAI/finbert/4556d13015211d73dccd3fdd39d39232506f3e43/config.json "HTTP/1.1 200 OK"
22:42:55 | httpx                | INFO | HTTP Request: HEAD https://huggingface.co/ProsusAI/finbert/resolve/main/tokenizer_config.json "HTTP/1.1 307 Temporary Redirect"
22:42:55 | httpx                | INFO | HTTP Request: HEAD https://huggingface.co/api/resolve-cache/models/ProsusAI/finbert/4556d13015211d73dccd3fdd39d39232506f3e43/tokenizer_config.json "HTTP/1.1 200 OK"
22:42:55 | httpx                | INFO | HTTP Request: GET https://huggingface.co/api/models/ProsusAI/finbert/tree/main/additional_chat_templates?recursive=false&expand=false "HTTP/1.1 404 Not Found"
22:42:55 | httpx                | INFO | HTTP Request: GET https://huggingface.co/api/models/ProsusAI/finbert/tree/main?recursive=true&expand=false "HTTP/1.1 200 OK"
22:42:55 | utils.data_loader    | INFO | Dataset initialized: 2452 samples
22:42:55 | utils.data_loader    | INFO |   Direction distribution: Class 0: 46.9% | Class 1: 53.1%
22:42:55 | train                | INFO | Dataset built in 0.7s
22:42:55 | utils.data_loader    | INFO | DataLoader splits: train=1718, val=367, test=367
22:42:55 | train                | INFO | 
Building model...
22:42:55 | models.text_encoder  | INFO | Loading pretrained model: ProsusAI/finbert
22:42:55 | httpx                | INFO | HTTP Request: HEAD https://huggingface.co/ProsusAI/finbert/resolve/main/config.json "HTTP/1.1 307 Temporary Redirect"
22:42:55 | httpx                | INFO | HTTP Request: HEAD https://huggingface.co/api/resolve-cache/models/ProsusAI/finbert/4556d13015211d73dccd3fdd39d39232506f3e43/config.json "HTTP/1.1 200 OK"
22:42:55 | train                | ERROR | Training failed: Could not import module 'BertModel'. Are this object's requirements defined correctly?
Traceback (most recent call last):
  File "/opt/miniconda3/lib/python3.12/site-packages/transformers/utils/import_utils.py", line 2096, in __getattr__
    module = self._get_module(self._class_to_module[name])
             ^^^^^^^^^^^^^^^^^^^^^^^^^^^^^^^^^^^^^^^^^^^^^
  File "/opt/miniconda3/lib/python3.12/site-packages/transformers/utils/import_utils.py", line 2290, in _get_module
    raise e
  File "/opt/miniconda3/lib/python3.12/site-packages/transformers/utils/import_utils.py", line 2288, in _get_module
    return importlib.import_module("." + module_name, self.__name__)
           ^^^^^^^^^^^^^^^^^^^^^^^^^^^^^^^^^^^^^^^^^^^^^^^^^^^^^^^^^
  File "/opt/miniconda3/lib/python3.12/importlib/__init__.py", line 90, in import_module
    return _bootstrap._gcd_import(name[level:], package, level)
           ^^^^^^^^^^^^^^^^^^^^^^^^^^^^^^^^^^^^^^^^^^^^^^^^^^^^
  File "<frozen importlib._bootstrap>", line 1387, in _gcd_import
  File "<frozen importlib._bootstrap>", line 1360, in _find_and_load
  File "<frozen importlib._bootstrap>", line 1331, in _find_and_load_unlocked
  File "<frozen importlib._bootstrap>", line 935, in _load_unlocked
  File "<frozen importlib._bootstrap_external>", line 995, in exec_module
  File "<frozen importlib._bootstrap>", line 488, in _call_with_frames_removed
  File "/opt/miniconda3/lib/python3.12/site-packages/transformers/models/bert/modeling_bert.py", line 29, in <module>
    from ...modeling_layers import GradientCheckpointingLayer
  File "/opt/miniconda3/lib/python3.12/site-packages/transformers/modeling_layers.py", line 27, in <module>
    from .processing_utils import Unpack
  File "/opt/miniconda3/lib/python3.12/site-packages/transformers/processing_utils.py", line 38, in <module>
    from .image_utils import ChannelDimension, ImageInput, is_vision_available
  File "/opt/miniconda3/lib/python3.12/site-packages/transformers/image_utils.py", line 53, in <module>
    from torchvision.transforms import InterpolationMode
  File "/opt/miniconda3/lib/python3.12/site-packages/torchvision/__init__.py", line 10, in <module>
    from torchvision import _meta_registrations, datasets, io, models, ops, transforms, utils  # usort:skip
    ^^^^^^^^^^^^^^^^^^^^^^^^^^^^^^^^^^^^^^^^^^^^^^^^^^^^^^^^^^^^^^^^^^^^^^^^^^^^^^^^^^^^^^^^^
  File "/opt/miniconda3/lib/python3.12/site-packages/torchvision/_meta_registrations.py", line 163, in <module>
    @torch.library.register_fake("torchvision::nms")
     ^^^^^^^^^^^^^^^^^^^^^^^^^^^^^^^^^^^^^^^^^^^^^^^
  File "/opt/miniconda3/lib/python3.12/site-packages/torch/library.py", line 1073, in register
    use_lib._register_fake(
  File "/opt/miniconda3/lib/python3.12/site-packages/torch/library.py", line 203, in _register_fake
    handle = entry.fake_impl.register(
             ^^^^^^^^^^^^^^^^^^^^^^^^^
  File "/opt/miniconda3/lib/python3.12/site-packages/torch/_library/fake_impl.py", line 50, in register
    if torch._C._dispatch_has_kernel_for_dispatch_key(self.qualname, "Meta"):
       ^^^^^^^^^^^^^^^^^^^^^^^^^^^^^^^^^^^^^^^^^^^^^^^^^^^^^^^^^^^^^^^^^^^^^
RuntimeError: operator torchvision::nms does not exist

The above exception was the direct cause of the following exception:

Traceback (most recent call last):
  File "/Users/mdmahadehasanmishuk/Desktop/AuraMarketNet/train.py", line 241, in main
    model, metrics = train(args)
                     ^^^^^^^^^^^
  File "/Users/mdmahadehasanmishuk/Desktop/AuraMarketNet/train.py", line 198, in train
    model = create_model(CFG)
            ^^^^^^^^^^^^^^^^^
  File "/Users/mdmahadehasanmishuk/Desktop/AuraMarketNet/models/aura_market_net.py", line 353, in create_model
    model = AuraMarketNet(
            ^^^^^^^^^^^^^^
  File "/Users/mdmahadehasanmishuk/Desktop/AuraMarketNet/models/aura_market_net.py", line 136, in __init__
    self.text_encoder = MultiTextEncoder(
                        ^^^^^^^^^^^^^^^^^
  File "/Users/mdmahadehasanmishuk/Desktop/AuraMarketNet/models/text_encoder.py", line 193, in __init__
    self.encoder = FinBERTEncoder(
                   ^^^^^^^^^^^^^^^
  File "/Users/mdmahadehasanmishuk/Desktop/AuraMarketNet/models/text_encoder.py", line 48, in __init__
    self.bert = AutoModel.from_pretrained(
                ^^^^^^^^^^^^^^^^^^^^^^^^^^
  File "/opt/miniconda3/lib/python3.12/site-packages/transformers/models/auto/auto_factory.py", line 371, in from_pretrained
    model_class = _get_model_class(config, cls._model_mapping)
                  ^^^^^^^^^^^^^^^^^^^^^^^^^^^^^^^^^^^^^^^^^^^^
  File "/opt/miniconda3/lib/python3.12/site-packages/transformers/models/auto/auto_factory.py", line 180, in _get_model_class
    supported_models = model_mapping[type(config)]
                       ~~~~~~~~~~~~~^^^^^^^^^^^^^^
  File "/opt/miniconda3/lib/python3.12/site-packages/transformers/models/auto/auto_factory.py", line 572, in __getitem__
    return self._load_attr_from_module(model_type, model_name)
           ^^^^^^^^^^^^^^^^^^^^^^^^^^^^^^^^^^^^^^^^^^^^^^^^^^^
  File "/opt/miniconda3/lib/python3.12/site-packages/transformers/models/auto/auto_factory.py", line 586, in _load_attr_from_module
    return getattribute_from_module(self._modules[module_name], attr)
           ^^^^^^^^^^^^^^^^^^^^^^^^^^^^^^^^^^^^^^^^^^^^^^^^^^^^^^^^^^
  File "/opt/miniconda3/lib/python3.12/site-packages/transformers/models/auto/auto_factory.py", line 498, in getattribute_from_module
    if hasattr(module, attr):
       ^^^^^^^^^^^^^^^^^^^^^
  File "/opt/miniconda3/lib/python3.12/site-packages/transformers/utils/import_utils.py", line 2184, in __getattr__
    raise ModuleNotFoundError(
ModuleNotFoundError: Could not import module 'BertModel'. Are this object's requirements defined correctly?
22:43:24 | numexpr.utils        | INFO | NumExpr defaulting to 8 threads.
22:43:24 | train                | INFO | 
======================================================================
22:43:24 | train                | INFO |   AuraMarketNet Training Pipeline
22:43:24 | train                | INFO | ======================================================================

22:43:24 | train                | INFO | Building dataset for 2 tickers: ['AAPL', 'TSLA']
22:43:24 | train                | INFO | Processing AAPL...
22:43:24 | utils.data_loader    | INFO | Loading AAPL from cache
22:43:25 | utils.feature_engineering | INFO | Computed 45 features for 1257 rows
22:43:25 | train                | INFO |   AAPL: 1226 sequences | UP=53.26% | Return: μ=0.0011 σ=0.0200
22:43:25 | train                | INFO | Processing TSLA...
22:43:25 | utils.data_loader    | INFO | Loading TSLA from cache
22:43:25 | utils.feature_engineering | INFO | Computed 45 features for 1257 rows
22:43:25 | train                | INFO |   TSLA: 1226 sequences | UP=52.85% | Return: μ=0.0025 σ=0.0416
22:43:25 | train                | INFO | 
Total dataset: 2,452 samples
22:43:25 | train                | INFO | Feature shape: (2452, 30, 20)
22:43:25 | train                | INFO | Direction balance: UP=53.06%
22:43:25 | httpx                | INFO | HTTP Request: HEAD https://huggingface.co/ProsusAI/finbert/resolve/main/config.json "HTTP/1.1 307 Temporary Redirect"
22:43:25 | httpx                | INFO | HTTP Request: HEAD https://huggingface.co/api/resolve-cache/models/ProsusAI/finbert/4556d13015211d73dccd3fdd39d39232506f3e43/config.json "HTTP/1.1 200 OK"
22:43:25 | httpx                | INFO | HTTP Request: HEAD https://huggingface.co/ProsusAI/finbert/resolve/main/tokenizer_config.json "HTTP/1.1 307 Temporary Redirect"
22:43:25 | httpx                | INFO | HTTP Request: HEAD https://huggingface.co/api/resolve-cache/models/ProsusAI/finbert/4556d13015211d73dccd3fdd39d39232506f3e43/tokenizer_config.json "HTTP/1.1 200 OK"
22:43:25 | httpx                | INFO | HTTP Request: GET https://huggingface.co/api/models/ProsusAI/finbert/tree/main/additional_chat_templates?recursive=false&expand=false "HTTP/1.1 404 Not Found"
22:43:25 | httpx                | INFO | HTTP Request: GET https://huggingface.co/api/models/ProsusAI/finbert/tree/main?recursive=true&expand=false "HTTP/1.1 200 OK"
22:43:25 | utils.data_loader    | INFO | Dataset initialized: 2452 samples
22:43:25 | utils.data_loader    | INFO |   Direction distribution: Class 0: 46.9% | Class 1: 53.1%
22:43:25 | train                | INFO | Dataset built in 0.6s
22:43:25 | utils.data_loader    | INFO | DataLoader splits: train=1718, val=367, test=367
22:43:25 | train                | INFO | 
Building model...
22:43:25 | models.text_encoder  | INFO | Loading pretrained model: ProsusAI/finbert
22:43:25 | httpx                | INFO | HTTP Request: HEAD https://huggingface.co/ProsusAI/finbert/resolve/main/config.json "HTTP/1.1 307 Temporary Redirect"
22:43:25 | httpx                | INFO | HTTP Request: HEAD https://huggingface.co/api/resolve-cache/models/ProsusAI/finbert/4556d13015211d73dccd3fdd39d39232506f3e43/config.json "HTTP/1.1 200 OK"
22:43:25 | train                | ERROR | Training failed: Could not import module 'BertModel'. Are this object's requirements defined correctly?
Traceback (most recent call last):
  File "/opt/miniconda3/lib/python3.12/site-packages/transformers/utils/import_utils.py", line 2096, in __getattr__
    module = self._get_module(self._class_to_module[name])
             ^^^^^^^^^^^^^^^^^^^^^^^^^^^^^^^^^^^^^^^^^^^^^
  File "/opt/miniconda3/lib/python3.12/site-packages/transformers/utils/import_utils.py", line 2290, in _get_module
    raise e
  File "/opt/miniconda3/lib/python3.12/site-packages/transformers/utils/import_utils.py", line 2288, in _get_module
    return importlib.import_module("." + module_name, self.__name__)
           ^^^^^^^^^^^^^^^^^^^^^^^^^^^^^^^^^^^^^^^^^^^^^^^^^^^^^^^^^
  File "/opt/miniconda3/lib/python3.12/importlib/__init__.py", line 90, in import_module
    return _bootstrap._gcd_import(name[level:], package, level)
           ^^^^^^^^^^^^^^^^^^^^^^^^^^^^^^^^^^^^^^^^^^^^^^^^^^^^
  File "<frozen importlib._bootstrap>", line 1387, in _gcd_import
  File "<frozen importlib._bootstrap>", line 1360, in _find_and_load
  File "<frozen importlib._bootstrap>", line 1331, in _find_and_load_unlocked
  File "<frozen importlib._bootstrap>", line 935, in _load_unlocked
  File "<frozen importlib._bootstrap_external>", line 995, in exec_module
  File "<frozen importlib._bootstrap>", line 488, in _call_with_frames_removed
  File "/opt/miniconda3/lib/python3.12/site-packages/transformers/models/bert/modeling_bert.py", line 29, in <module>
    from ...modeling_layers import GradientCheckpointingLayer
  File "/opt/miniconda3/lib/python3.12/site-packages/transformers/modeling_layers.py", line 27, in <module>
    from .processing_utils import Unpack
  File "/opt/miniconda3/lib/python3.12/site-packages/transformers/processing_utils.py", line 38, in <module>
    from .image_utils import ChannelDimension, ImageInput, is_vision_available
  File "/opt/miniconda3/lib/python3.12/site-packages/transformers/image_utils.py", line 53, in <module>
    from torchvision.transforms import InterpolationMode
  File "/opt/miniconda3/lib/python3.12/site-packages/torchvision/__init__.py", line 10, in <module>
    from torchvision import _meta_registrations, datasets, io, models, ops, transforms, utils  # usort:skip
    ^^^^^^^^^^^^^^^^^^^^^^^^^^^^^^^^^^^^^^^^^^^^^^^^^^^^^^^^^^^^^^^^^^^^^^^^^^^^^^^^^^^^^^^^^
  File "/opt/miniconda3/lib/python3.12/site-packages/torchvision/_meta_registrations.py", line 163, in <module>
    @torch.library.register_fake("torchvision::nms")
     ^^^^^^^^^^^^^^^^^^^^^^^^^^^^^^^^^^^^^^^^^^^^^^^
  File "/opt/miniconda3/lib/python3.12/site-packages/torch/library.py", line 1073, in register
    use_lib._register_fake(
  File "/opt/miniconda3/lib/python3.12/site-packages/torch/library.py", line 203, in _register_fake
    handle = entry.fake_impl.register(
             ^^^^^^^^^^^^^^^^^^^^^^^^^
  File "/opt/miniconda3/lib/python3.12/site-packages/torch/_library/fake_impl.py", line 50, in register
    if torch._C._dispatch_has_kernel_for_dispatch_key(self.qualname, "Meta"):
       ^^^^^^^^^^^^^^^^^^^^^^^^^^^^^^^^^^^^^^^^^^^^^^^^^^^^^^^^^^^^^^^^^^^^^
RuntimeError: operator torchvision::nms does not exist

The above exception was the direct cause of the following exception:

Traceback (most recent call last):
  File "/Users/mdmahadehasanmishuk/Desktop/AuraMarketNet/train.py", line 241, in main
    model, metrics = train(args)
                     ^^^^^^^^^^^
  File "/Users/mdmahadehasanmishuk/Desktop/AuraMarketNet/train.py", line 198, in train
    model = create_model(CFG)
            ^^^^^^^^^^^^^^^^^
  File "/Users/mdmahadehasanmishuk/Desktop/AuraMarketNet/models/aura_market_net.py", line 353, in create_model
    model = AuraMarketNet(
            ^^^^^^^^^^^^^^
  File "/Users/mdmahadehasanmishuk/Desktop/AuraMarketNet/models/aura_market_net.py", line 136, in __init__
    self.text_encoder = MultiTextEncoder(
                        ^^^^^^^^^^^^^^^^^
  File "/Users/mdmahadehasanmishuk/Desktop/AuraMarketNet/models/text_encoder.py", line 193, in __init__
    self.encoder = FinBERTEncoder(
                   ^^^^^^^^^^^^^^^
  File "/Users/mdmahadehasanmishuk/Desktop/AuraMarketNet/models/text_encoder.py", line 48, in __init__
    self.bert = AutoModel.from_pretrained(
                ^^^^^^^^^^^^^^^^^^^^^^^^^^
  File "/opt/miniconda3/lib/python3.12/site-packages/transformers/models/auto/auto_factory.py", line 371, in from_pretrained
    model_class = _get_model_class(config, cls._model_mapping)
                  ^^^^^^^^^^^^^^^^^^^^^^^^^^^^^^^^^^^^^^^^^^^^
  File "/opt/miniconda3/lib/python3.12/site-packages/transformers/models/auto/auto_factory.py", line 180, in _get_model_class
    supported_models = model_mapping[type(config)]
                       ~~~~~~~~~~~~~^^^^^^^^^^^^^^
  File "/opt/miniconda3/lib/python3.12/site-packages/transformers/models/auto/auto_factory.py", line 572, in __getitem__
    return self._load_attr_from_module(model_type, model_name)
           ^^^^^^^^^^^^^^^^^^^^^^^^^^^^^^^^^^^^^^^^^^^^^^^^^^^
  File "/opt/miniconda3/lib/python3.12/site-packages/transformers/models/auto/auto_factory.py", line 586, in _load_attr_from_module
    return getattribute_from_module(self._modules[module_name], attr)
           ^^^^^^^^^^^^^^^^^^^^^^^^^^^^^^^^^^^^^^^^^^^^^^^^^^^^^^^^^^
  File "/opt/miniconda3/lib/python3.12/site-packages/transformers/models/auto/auto_factory.py", line 498, in getattribute_from_module
    if hasattr(module, attr):
       ^^^^^^^^^^^^^^^^^^^^^
  File "/opt/miniconda3/lib/python3.12/site-packages/transformers/utils/import_utils.py", line 2184, in __getattr__
    raise ModuleNotFoundError(
ModuleNotFoundError: Could not import module 'BertModel'. Are this object's requirements defined correctly?
22:44:33 | numexpr.utils        | INFO | NumExpr defaulting to 8 threads.
22:44:33 | train                | INFO | 
======================================================================
22:44:33 | train                | INFO |   AuraMarketNet Training Pipeline
22:44:33 | train                | INFO | ======================================================================

22:44:33 | train                | INFO | Building dataset for 2 tickers: ['AAPL', 'TSLA']
22:44:33 | train                | INFO | Processing AAPL...
22:44:33 | utils.data_loader    | INFO | Loading AAPL from cache
22:44:33 | utils.feature_engineering | INFO | Computed 45 features for 1257 rows
22:44:33 | train                | INFO |   AAPL: 1226 sequences | UP=53.26% | Return: μ=0.0011 σ=0.0200
22:44:33 | train                | INFO | Processing TSLA...
22:44:33 | utils.data_loader    | INFO | Loading TSLA from cache
22:44:33 | utils.feature_engineering | INFO | Computed 45 features for 1257 rows
22:44:33 | train                | INFO |   TSLA: 1226 sequences | UP=52.85% | Return: μ=0.0025 σ=0.0416
22:44:33 | train                | INFO | 
Total dataset: 2,452 samples
22:44:33 | train                | INFO | Feature shape: (2452, 30, 20)
22:44:33 | train                | INFO | Direction balance: UP=53.06%
22:44:34 | httpx                | INFO | HTTP Request: HEAD https://huggingface.co/ProsusAI/finbert/resolve/main/config.json "HTTP/1.1 307 Temporary Redirect"
22:44:34 | huggingface_hub.utils._http | WARNING | Warning: You are sending unauthenticated requests to the HF Hub. Please set a HF_TOKEN to enable higher rate limits and faster downloads.
22:44:34 | httpx                | INFO | HTTP Request: HEAD https://huggingface.co/api/resolve-cache/models/ProsusAI/finbert/4556d13015211d73dccd3fdd39d39232506f3e43/config.json "HTTP/1.1 200 OK"
22:44:34 | httpx                | INFO | HTTP Request: HEAD https://huggingface.co/ProsusAI/finbert/resolve/main/tokenizer_config.json "HTTP/1.1 307 Temporary Redirect"
22:44:34 | httpx                | INFO | HTTP Request: HEAD https://huggingface.co/api/resolve-cache/models/ProsusAI/finbert/4556d13015211d73dccd3fdd39d39232506f3e43/tokenizer_config.json "HTTP/1.1 200 OK"
22:44:34 | httpx                | INFO | HTTP Request: GET https://huggingface.co/api/models/ProsusAI/finbert/tree/main/additional_chat_templates?recursive=false&expand=false "HTTP/1.1 404 Not Found"
22:44:34 | httpx                | INFO | HTTP Request: GET https://huggingface.co/api/models/ProsusAI/finbert/tree/main?recursive=true&expand=false "HTTP/1.1 200 OK"
22:44:34 | utils.data_loader    | INFO | Dataset initialized: 2452 samples
22:44:34 | utils.data_loader    | INFO |   Direction distribution: Class 0: 46.9% | Class 1: 53.1%
22:44:34 | train                | INFO | Dataset built in 1.0s
22:44:34 | utils.data_loader    | INFO | DataLoader splits: train=1718, val=367, test=367
22:44:34 | train                | INFO | 
Building model...
22:44:34 | models.text_encoder  | INFO | Loading pretrained model: ProsusAI/finbert
22:44:34 | httpx                | INFO | HTTP Request: HEAD https://huggingface.co/ProsusAI/finbert/resolve/main/config.json "HTTP/1.1 307 Temporary Redirect"
22:44:34 | httpx                | INFO | HTTP Request: HEAD https://huggingface.co/api/resolve-cache/models/ProsusAI/finbert/4556d13015211d73dccd3fdd39d39232506f3e43/config.json "HTTP/1.1 200 OK"
22:44:35 | httpx                | INFO | HTTP Request: HEAD https://huggingface.co/ProsusAI/finbert/resolve/main/model.safetensors "HTTP/1.1 404 Not Found"
22:44:35 | httpx                | INFO | HTTP Request: GET https://huggingface.co/api/models/ProsusAI/finbert "HTTP/1.1 200 OK"
22:44:35 | httpx                | INFO | HTTP Request: GET https://huggingface.co/api/models/ProsusAI/finbert/commits/main "HTTP/1.1 200 OK"
22:44:35 | models.text_encoder  | INFO | Frozen 133/199 BERT parameters
22:44:35 | httpx                | INFO | HTTP Request: GET https://huggingface.co/api/models/ProsusAI/finbert/discussions?p=0 "HTTP/1.1 200 OK"
22:44:35 | models.aura_market_net | INFO | AuraMarketNet initialized
22:44:35 | models.aura_market_net | INFO |   Total parameters:     118,742,705
22:44:35 | models.aura_market_net | INFO |   Trainable parameters: 38,202,545
22:44:35 | models.aura_market_net | INFO |   Frozen parameters:    80,540,160
22:44:35 | train                | INFO | Model created: 118,742,705 parameters
22:44:35 | httpx                | INFO | HTTP Request: GET https://huggingface.co/api/models/ProsusAI/finbert/commits/refs%2Fpr%2F29 "HTTP/1.1 200 OK"
22:44:36 | httpx                | INFO | HTTP Request: HEAD https://huggingface.co/ProsusAI/finbert/resolve/refs%2Fpr%2F29/model.safetensors.index.json "HTTP/1.1 404 Not Found"
22:44:36 | httpx                | INFO | HTTP Request: HEAD https://huggingface.co/ProsusAI/finbert/resolve/refs%2Fpr%2F29/model.safetensors "HTTP/1.1 302 Found"
22:44:36 | training.trainer     | INFO | Training on device: mps
22:44:36 | training.trainer     | INFO | Optimizer: AdamW | BERT LR=1e-05 | Other LR=2e-05
22:44:36 | training.trainer     | INFO |   BERT params: 29,354,500
22:44:36 | training.trainer     | INFO |   Other params: 8,848,045
22:44:36 | train                | INFO | 
Starting training...
22:44:36 | training.trainer     | INFO | Scheduler: Cosine with 21 warmup steps / 214 total
22:44:36 | training.trainer     | INFO | 
============================================================
22:44:36 | training.trainer     | INFO | Starting training: 2 epochs
22:44:36 | training.trainer     | INFO | Total steps: 214
22:44:36 | training.trainer     | INFO | ============================================================

22:44:52 | training.trainer     | INFO |   Epoch 1/2 | Step 0/430 | Loss: 0.7313 | LR: 0.00e+00
22:45:05 | training.trainer     | INFO |   Epoch 1/2 | Step 20/430 | Loss: 0.7473 | LR: 4.76e-06
22:45:16 | training.trainer     | INFO |   Epoch 1/2 | Step 40/430 | Loss: 0.7433 | LR: 9.52e-06
22:45:27 | training.trainer     | INFO |   Epoch 1/2 | Step 60/430 | Loss: 0.7369 | LR: 1.43e-05
22:45:38 | training.trainer     | INFO |   Epoch 1/2 | Step 80/430 | Loss: 0.7391 | LR: 1.90e-05
22:45:49 | training.trainer     | INFO |   Epoch 1/2 | Step 100/430 | Loss: 0.7225 | LR: 2.00e-05
22:46:00 | training.trainer     | INFO |   Epoch 1/2 | Step 120/430 | Loss: 0.7327 | LR: 1.99e-05
22:46:12 | training.trainer     | INFO |   Epoch 1/2 | Step 140/430 | Loss: 0.7064 | LR: 1.97e-05
22:46:23 | training.trainer     | INFO |   Epoch 1/2 | Step 160/430 | Loss: 0.7034 | LR: 1.95e-05
22:46:34 | training.trainer     | INFO |   Epoch 1/2 | Step 180/430 | Loss: 0.7447 | LR: 1.92e-05
22:46:45 | training.trainer     | INFO |   Epoch 1/2 | Step 200/430 | Loss: 0.7159 | LR: 1.89e-05
22:46:56 | training.trainer     | INFO |   Epoch 1/2 | Step 220/430 | Loss: 0.7139 | LR: 1.85e-05
22:47:07 | training.trainer     | INFO |   Epoch 1/2 | Step 240/430 | Loss: 0.7226 | LR: 1.81e-05
22:47:18 | training.trainer     | INFO |   Epoch 1/2 | Step 260/430 | Loss: 0.7313 | LR: 1.75e-05
22:47:29 | training.trainer     | INFO |   Epoch 1/2 | Step 280/430 | Loss: 0.7040 | LR: 1.70e-05
22:47:42 | training.trainer     | INFO |   Epoch 1/2 | Step 300/430 | Loss: 0.7136 | LR: 1.64e-05
22:47:55 | training.trainer     | INFO |   Epoch 1/2 | Step 320/430 | Loss: 0.6911 | LR: 1.57e-05
22:48:06 | training.trainer     | INFO |   Epoch 1/2 | Step 340/430 | Loss: 0.7472 | LR: 1.50e-05
22:48:17 | training.trainer     | INFO |   Epoch 1/2 | Step 360/430 | Loss: 0.7306 | LR: 1.43e-05
22:48:28 | training.trainer     | INFO |   Epoch 1/2 | Step 380/430 | Loss: 0.7165 | LR: 1.36e-05
22:48:39 | training.trainer     | INFO |   Epoch 1/2 | Step 400/430 | Loss: 0.6884 | LR: 1.28e-05
22:48:50 | training.trainer     | INFO |   Epoch 1/2 | Step 420/430 | Loss: 0.7137 | LR: 1.20e-05
22:49:29 | training.callbacks   | INFO |   [Checkpoint] Saved: /Users/mdmahadehasanmishuk/Desktop/AuraMarketNet/AuraMarketNet-v1_checkpoints/aura_market_net_best.pt
22:49:29 | training.callbacks   | INFO |   [Checkpoint] New best model saved: val_directional_accuracy=0.5341
22:49:30 | training.callbacks   | INFO |   [EarlyStopping] New best val_directional_accuracy: 0.5341
22:49:30 | training.trainer     | INFO |   Epoch 2/2 | Step 0/430 | Loss: 0.6590 | LR: 1.17e-05
22:49:41 | training.trainer     | INFO |   Epoch 2/2 | Step 20/430 | Loss: 0.7291 | LR: 1.09e-05
22:49:53 | training.trainer     | INFO |   Epoch 2/2 | Step 40/430 | Loss: 0.6954 | LR: 1.01e-05
22:50:04 | training.trainer     | INFO |   Epoch 2/2 | Step 60/430 | Loss: 0.7178 | LR: 9.27e-06
22:50:15 | training.trainer     | INFO |   Epoch 2/2 | Step 80/430 | Loss: 0.7117 | LR: 8.46e-06
22:50:26 | training.trainer     | INFO |   Epoch 2/2 | Step 100/430 | Loss: 0.7169 | LR: 7.66e-06
22:50:37 | training.trainer     | INFO |   Epoch 2/2 | Step 120/430 | Loss: 0.6987 | LR: 6.88e-06
22:50:48 | training.trainer     | INFO |   Epoch 2/2 | Step 140/430 | Loss: 0.7106 | LR: 6.12e-06
22:50:59 | training.trainer     | INFO |   Epoch 2/2 | Step 160/430 | Loss: 0.7154 | LR: 5.38e-06
22:51:09 | training.trainer     | INFO |   Epoch 2/2 | Step 180/430 | Loss: 0.7317 | LR: 4.67e-06
22:51:20 | training.trainer     | INFO |   Epoch 2/2 | Step 200/430 | Loss: 0.7112 | LR: 4.00e-06
22:51:31 | training.trainer     | INFO |   Epoch 2/2 | Step 220/430 | Loss: 0.7128 | LR: 3.37e-06
22:51:42 | training.trainer     | INFO |   Epoch 2/2 | Step 240/430 | Loss: 0.7186 | LR: 2.79e-06
22:51:52 | training.trainer     | INFO |   Epoch 2/2 | Step 260/430 | Loss: 0.7045 | LR: 2.25e-06
22:52:03 | training.trainer     | INFO |   Epoch 2/2 | Step 280/430 | Loss: 0.7004 | LR: 1.76e-06
22:52:14 | training.trainer     | INFO |   Epoch 2/2 | Step 300/430 | Loss: 0.7232 | LR: 1.33e-06
22:52:25 | training.trainer     | INFO |   Epoch 2/2 | Step 320/430 | Loss: 0.7127 | LR: 9.50e-07
22:52:36 | training.trainer     | INFO |   Epoch 2/2 | Step 340/430 | Loss: 0.7090 | LR: 6.34e-07
22:52:47 | numexpr.utils        | INFO | NumExpr defaulting to 8 threads.
22:52:47 | train                | INFO | 
======================================================================
22:52:47 | train                | INFO |   AuraMarketNet Training Pipeline
22:52:47 | train                | INFO | ======================================================================

22:52:47 | train                | INFO | Building dataset for 2 tickers: ['AAPL', 'TSLA']
22:52:47 | train                | INFO | Processing AAPL...
22:52:47 | utils.data_loader    | INFO | Loading AAPL from cache
22:52:47 | utils.feature_engineering | INFO | Computed 45 features for 1257 rows
22:52:47 | train                | INFO |   AAPL: 1226 sequences | UP=53.26% | Return: μ=0.0011 σ=0.0200
22:52:47 | train                | INFO | Processing TSLA...
22:52:47 | utils.data_loader    | INFO | Loading TSLA from cache
22:52:47 | utils.feature_engineering | INFO | Computed 45 features for 1257 rows
22:52:47 | train                | INFO |   TSLA: 1226 sequences | UP=52.85% | Return: μ=0.0025 σ=0.0416
22:52:47 | train                | INFO | 
Total dataset: 2,452 samples
22:52:47 | train                | INFO | Feature shape: (2452, 30, 20)
22:52:47 | train                | INFO | Direction balance: UP=53.06%
22:52:47 | training.trainer     | INFO |   Epoch 2/2 | Step 360/430 | Loss: 0.7159 | LR: 3.80e-07
22:52:48 | httpx                | INFO | HTTP Request: HEAD https://huggingface.co/ProsusAI/finbert/resolve/main/config.json "HTTP/1.1 307 Temporary Redirect"
22:52:48 | huggingface_hub.utils._http | WARNING | Warning: You are sending unauthenticated requests to the HF Hub. Please set a HF_TOKEN to enable higher rate limits and faster downloads.
22:52:48 | httpx                | INFO | HTTP Request: HEAD https://huggingface.co/api/resolve-cache/models/ProsusAI/finbert/4556d13015211d73dccd3fdd39d39232506f3e43/config.json "HTTP/1.1 200 OK"
22:52:48 | httpx                | INFO | HTTP Request: HEAD https://huggingface.co/ProsusAI/finbert/resolve/main/tokenizer_config.json "HTTP/1.1 307 Temporary Redirect"
22:52:48 | httpx                | INFO | HTTP Request: HEAD https://huggingface.co/api/resolve-cache/models/ProsusAI/finbert/4556d13015211d73dccd3fdd39d39232506f3e43/tokenizer_config.json "HTTP/1.1 200 OK"
22:52:48 | httpx                | INFO | HTTP Request: GET https://huggingface.co/api/models/ProsusAI/finbert/tree/main/additional_chat_templates?recursive=false&expand=false "HTTP/1.1 404 Not Found"
22:52:48 | httpx                | INFO | HTTP Request: GET https://huggingface.co/api/models/ProsusAI/finbert/tree/main?recursive=true&expand=false "HTTP/1.1 200 OK"
22:52:48 | utils.data_loader    | INFO | Dataset initialized: 2452 samples
22:52:48 | utils.data_loader    | INFO |   Direction distribution: Class 0: 46.9% | Class 1: 53.1%
22:52:48 | train                | INFO | Dataset built in 0.7s
22:52:48 | utils.data_loader    | INFO | DataLoader splits: train=1718, val=367, test=367
22:52:48 | train                | INFO | 
Building model...
22:52:48 | models.text_encoder  | INFO | Loading pretrained model: ProsusAI/finbert
22:52:48 | httpx                | INFO | HTTP Request: HEAD https://huggingface.co/ProsusAI/finbert/resolve/main/config.json "HTTP/1.1 307 Temporary Redirect"
22:52:48 | httpx                | INFO | HTTP Request: HEAD https://huggingface.co/api/resolve-cache/models/ProsusAI/finbert/4556d13015211d73dccd3fdd39d39232506f3e43/config.json "HTTP/1.1 200 OK"
22:52:48 | httpx                | INFO | HTTP Request: HEAD https://huggingface.co/ProsusAI/finbert/resolve/main/model.safetensors "HTTP/1.1 404 Not Found"
22:52:48 | httpx                | INFO | HTTP Request: GET https://huggingface.co/api/models/ProsusAI/finbert "HTTP/1.1 200 OK"
22:52:48 | httpx                | INFO | HTTP Request: GET https://huggingface.co/api/models/ProsusAI/finbert/commits/main "HTTP/1.1 200 OK"
22:52:49 | httpx                | INFO | HTTP Request: GET https://huggingface.co/api/models/ProsusAI/finbert/discussions?p=0 "HTTP/1.1 200 OK"
22:52:49 | httpx                | INFO | HTTP Request: GET https://huggingface.co/api/models/ProsusAI/finbert/commits/refs%2Fpr%2F29 "HTTP/1.1 200 OK"
22:52:49 | httpx                | INFO | HTTP Request: HEAD https://huggingface.co/ProsusAI/finbert/resolve/refs%2Fpr%2F29/model.safetensors.index.json "HTTP/1.1 404 Not Found"
22:52:49 | models.text_encoder  | INFO | Frozen 133/199 BERT parameters
22:52:49 | httpx                | INFO | HTTP Request: HEAD https://huggingface.co/ProsusAI/finbert/resolve/refs%2Fpr%2F29/model.safetensors "HTTP/1.1 302 Found"
22:52:49 | models.aura_market_net | INFO | AuraMarketNet initialized
22:52:49 | models.aura_market_net | INFO |   Total parameters:     118,742,705
22:52:50 | models.aura_market_net | INFO |   Trainable parameters: 38,202,545
22:52:50 | models.aura_market_net | INFO |   Frozen parameters:    80,540,160
22:52:50 | train                | INFO | Model created: 118,742,705 parameters
22:52:50 | training.trainer     | INFO | Training on device: mps
22:52:50 | training.trainer     | INFO | Optimizer: AdamW | BERT LR=1e-05 | Other LR=2e-05
22:52:50 | training.trainer     | INFO |   BERT params: 29,354,500
22:52:50 | training.trainer     | INFO |   Other params: 8,848,045
22:52:51 | train                | INFO | 
Starting training...
22:52:51 | training.trainer     | INFO | Scheduler: Cosine with 21 warmup steps / 214 total
22:52:51 | training.trainer     | INFO | 
============================================================
22:52:51 | training.trainer     | INFO | Starting training: 2 epochs
22:52:51 | training.trainer     | INFO | Total steps: 214
22:52:51 | training.trainer     | INFO | ============================================================

22:53:01 | training.trainer     | INFO |   Epoch 2/2 | Step 380/430 | Loss: 0.7062 | LR: 1.90e-07
22:53:11 | training.trainer     | INFO |   Epoch 1/2 | Step 0/430 | Loss: 0.8125 | LR: 0.00e+00
22:53:19 | training.trainer     | INFO |   Epoch 2/2 | Step 400/430 | Loss: 0.7182 | LR: 6.48e-08
22:54:44 | training.trainer     | INFO |   Epoch 1/2 | Step 20/430 | Loss: 0.7699 | LR: 4.76e-06
22:55:15 | training.trainer     | INFO |   Epoch 1/2 | Step 40/430 | Loss: 0.7728 | LR: 9.52e-06
22:55:30 | training.trainer     | INFO |   Epoch 1/2 | Step 60/430 | Loss: 0.7450 | LR: 1.43e-05
22:55:43 | training.trainer     | INFO |   Epoch 1/2 | Step 80/430 | Loss: 0.7338 | LR: 1.90e-05
22:56:56 | training.trainer     | INFO |   Epoch 2/2 | Step 420/430 | Loss: 0.7264 | LR: 5.30e-09
22:58:05 | training.trainer     | INFO |   Epoch 1/2 | Step 100/430 | Loss: 0.7200 | LR: 2.00e-05
22:58:48 | training.trainer     | INFO |   Epoch 1/2 | Step 120/430 | Loss: 0.7193 | LR: 1.99e-05
22:59:57 | training.trainer     | INFO |   Epoch 1/2 | Step 140/430 | Loss: 0.7056 | LR: 1.97e-05
23:01:00 | training.trainer     | INFO |   Epoch 1/2 | Step 160/430 | Loss: 0.6963 | LR: 1.95e-05
23:01:22 | training.trainer     | INFO |   Epoch 1/2 | Step 180/430 | Loss: 0.7321 | LR: 1.92e-05
23:01:47 | training.trainer     | INFO |   Epoch 1/2 | Step 200/430 | Loss: 0.7074 | LR: 1.89e-05
23:02:14 | training.trainer     | INFO |   Epoch 1/2 | Step 220/430 | Loss: 0.7143 | LR: 1.85e-05
23:02:27 | training.trainer     | INFO |   Epoch 1/2 | Step 240/430 | Loss: 0.7197 | LR: 1.81e-05
23:02:27 | training.callbacks   | INFO |   [Checkpoint] Saved: /Users/mdmahadehasanmishuk/Desktop/AuraMarketNet/AuraMarketNet-v1_checkpoints/aura_market_net_epoch_002.pt
23:02:27 | training.callbacks   | INFO |   [EarlyStopping] No improvement for 1/7 epochs (best=0.5341 at epoch 1)
23:02:27 | training.trainer     | INFO | 
Training complete!
23:02:27 | training.trainer     | INFO | Best epoch 1: val_directional_accuracy=0.5341
23:02:27 | train                | INFO | 
Evaluating on test set...
23:02:28 | evaluation.evaluator | INFO | Running full evaluation...
23:09:00 | training.trainer     | INFO |   Epoch 1/2 | Step 260/430 | Loss: 0.7217 | LR: 1.75e-05
23:10:31 | training.trainer     | INFO |   Epoch 1/2 | Step 280/430 | Loss: 0.7105 | LR: 1.70e-05
23:13:20 | train                | INFO | 
Test metrics saved to logs/final_test_metrics.json
23:13:20 | train                | INFO | 
✓ Training completed successfully!
23:13:20 | train                | INFO |   Directional Accuracy: 0.4986
23:13:20 | train                | INFO |   F1 Score:             0.6567
23:13:20 | train                | INFO |   Return MAE:           0.037562
23:13:29 | training.trainer     | INFO |   Epoch 1/2 | Step 300/430 | Loss: 0.7013 | LR: 1.64e-05
23:13:40 | training.trainer     | INFO |   Epoch 1/2 | Step 320/430 | Loss: 0.6939 | LR: 1.57e-05
23:13:51 | training.trainer     | INFO |   Epoch 1/2 | Step 340/430 | Loss: 0.7270 | LR: 1.50e-05
23:14:01 | training.trainer     | INFO |   Epoch 1/2 | Step 360/430 | Loss: 0.7236 | LR: 1.43e-05
23:14:12 | training.trainer     | INFO |   Epoch 1/2 | Step 380/430 | Loss: 0.7260 | LR: 1.36e-05
23:14:22 | training.trainer     | INFO |   Epoch 1/2 | Step 400/430 | Loss: 0.6906 | LR: 1.28e-05
23:14:33 | training.trainer     | INFO |   Epoch 1/2 | Step 420/430 | Loss: 0.7156 | LR: 1.20e-05
23:15:12 | training.callbacks   | INFO |   [Checkpoint] Saved: /Users/mdmahadehasanmishuk/Desktop/AuraMarketNet/AuraMarketNet-v1_checkpoints/aura_market_net_best.pt
23:15:12 | training.callbacks   | INFO |   [Checkpoint] New best model saved: val_directional_accuracy=0.5341
23:15:12 | training.callbacks   | INFO |   [EarlyStopping] New best val_directional_accuracy: 0.5341
23:15:13 | training.trainer     | INFO |   Epoch 2/2 | Step 0/430 | Loss: 0.6279 | LR: 1.17e-05
23:15:24 | training.trainer     | INFO |   Epoch 2/2 | Step 20/430 | Loss: 0.7179 | LR: 1.09e-05
23:15:34 | training.trainer     | INFO |   Epoch 2/2 | Step 40/430 | Loss: 0.7001 | LR: 1.01e-05
23:15:45 | training.trainer     | INFO |   Epoch 2/2 | Step 60/430 | Loss: 0.7233 | LR: 9.27e-06
23:15:55 | training.trainer     | INFO |   Epoch 2/2 | Step 80/430 | Loss: 0.7059 | LR: 8.46e-06
23:16:06 | training.trainer     | INFO |   Epoch 2/2 | Step 100/430 | Loss: 0.7115 | LR: 7.66e-06
23:16:16 | training.trainer     | INFO |   Epoch 2/2 | Step 120/430 | Loss: 0.7020 | LR: 6.88e-06
23:16:27 | training.trainer     | INFO |   Epoch 2/2 | Step 140/430 | Loss: 0.7080 | LR: 6.12e-06
23:16:37 | training.trainer     | INFO |   Epoch 2/2 | Step 160/430 | Loss: 0.7283 | LR: 5.38e-06
23:16:48 | training.trainer     | INFO |   Epoch 2/2 | Step 180/430 | Loss: 0.7295 | LR: 4.67e-06
23:16:58 | training.trainer     | INFO |   Epoch 2/2 | Step 200/430 | Loss: 0.7146 | LR: 4.00e-06
23:17:09 | training.trainer     | INFO |   Epoch 2/2 | Step 220/430 | Loss: 0.7141 | LR: 3.37e-06
23:17:19 | training.trainer     | INFO |   Epoch 2/2 | Step 240/430 | Loss: 0.7196 | LR: 2.79e-06
23:17:30 | training.trainer     | INFO |   Epoch 2/2 | Step 260/430 | Loss: 0.7065 | LR: 2.25e-06
23:17:40 | training.trainer     | INFO |   Epoch 2/2 | Step 280/430 | Loss: 0.6945 | LR: 1.76e-06
23:17:51 | training.trainer     | INFO |   Epoch 2/2 | Step 300/430 | Loss: 0.7207 | LR: 1.33e-06
23:18:01 | training.trainer     | INFO |   Epoch 2/2 | Step 320/430 | Loss: 0.7199 | LR: 9.50e-07
23:18:12 | training.trainer     | INFO |   Epoch 2/2 | Step 340/430 | Loss: 0.7060 | LR: 6.34e-07
23:18:22 | training.trainer     | INFO |   Epoch 2/2 | Step 360/430 | Loss: 0.7177 | LR: 3.80e-07
23:18:33 | training.trainer     | INFO |   Epoch 2/2 | Step 380/430 | Loss: 0.7086 | LR: 1.90e-07
23:18:43 | training.trainer     | INFO |   Epoch 2/2 | Step 400/430 | Loss: 0.7000 | LR: 6.48e-08
23:18:54 | training.trainer     | INFO |   Epoch 2/2 | Step 420/430 | Loss: 0.7183 | LR: 5.30e-09
23:19:31 | training.callbacks   | INFO |   [Checkpoint] Saved: /Users/mdmahadehasanmishuk/Desktop/AuraMarketNet/AuraMarketNet-v1_checkpoints/aura_market_net_epoch_002.pt
23:19:31 | training.callbacks   | INFO |   [EarlyStopping] No improvement for 1/7 epochs (best=0.5341 at epoch 1)
23:19:31 | training.trainer     | INFO | 
Training complete!
23:19:31 | training.trainer     | INFO | Best epoch 1: val_directional_accuracy=0.5341
23:19:31 | train                | INFO | 
Evaluating on test set...
23:19:31 | evaluation.evaluator | INFO | Running full evaluation...
23:20:00 | train                | INFO | 
Test metrics saved to logs/final_test_metrics.json
23:20:00 | train                | INFO | 
✓ Training completed successfully!
23:20:00 | train                | INFO |   Directional Accuracy: 0.5095
23:20:00 | train                | INFO |   F1 Score:             0.1089
23:20:00 | train                | INFO |   Return MAE:           0.046617
21:55:30 | numexpr.utils        | INFO | NumExpr defaulting to 8 threads.
21:55:31 | train                | INFO | 
======================================================================
21:55:31 | train                | INFO |   AuraMarketNet Training Pipeline
21:55:31 | train                | INFO | ======================================================================

21:55:31 | train                | INFO | Building dataset for 10 tickers: ['AAPL', 'TSLA', 'GOOGL', 'MSFT', 'AMZN', 'NVDA', 'META', 'NFLX', 'AMD', 'SPY']
21:55:31 | train                | INFO | Processing AAPL...
21:55:31 | utils.data_loader    | INFO | Loading AAPL from cache
21:55:31 | utils.feature_engineering | INFO | Computed 45 features for 1257 rows
21:55:31 | train                | INFO |   AAPL: 1226 sequences | UP=53.26% | Return: μ=0.0011 σ=0.0200
21:55:31 | train                | INFO | Processing TSLA...
21:55:31 | utils.data_loader    | INFO | Loading TSLA from cache
21:55:31 | utils.feature_engineering | INFO | Computed 45 features for 1257 rows
21:55:31 | train                | INFO |   TSLA: 1226 sequences | UP=52.85% | Return: μ=0.0025 σ=0.0416
21:55:31 | train                | INFO | Processing GOOGL...
21:55:31 | utils.data_loader    | INFO | Loading GOOGL from cache
21:55:31 | utils.feature_engineering | INFO | Computed 45 features for 1257 rows
21:55:31 | train                | INFO |   GOOGL: 1226 sequences | UP=54.24% | Return: μ=0.0010 σ=0.0206
21:55:31 | train                | INFO | Processing MSFT...
21:55:31 | utils.data_loader    | INFO | Loading MSFT from cache
21:55:31 | utils.feature_engineering | INFO | Computed 45 features for 1257 rows
21:55:31 | train                | INFO |   MSFT: 1226 sequences | UP=52.69% | Return: μ=0.0009 σ=0.0193
21:55:31 | train                | INFO | Processing AMZN...
21:55:31 | utils.data_loader    | INFO | Loading AMZN from cache
21:55:31 | utils.feature_engineering | INFO | Computed 45 features for 1257 rows
21:55:31 | train                | INFO |   AMZN: 1226 sequences | UP=52.04% | Return: μ=0.0009 σ=0.0228
21:55:31 | train                | INFO | Processing NVDA...
21:55:31 | utils.data_loader    | INFO | Loading NVDA from cache
21:55:31 | utils.feature_engineering | INFO | Computed 45 features for 1257 rows
21:55:31 | train                | INFO |   NVDA: 1226 sequences | UP=54.32% | Return: μ=0.0030 σ=0.0342
21:55:31 | train                | INFO | Processing META...
21:55:31 | utils.data_loader    | INFO | Loading META from cache
21:55:31 | utils.feature_engineering | INFO | Computed 45 features for 1257 rows
21:55:31 | train                | INFO |   META: 1226 sequences | UP=51.71% | Return: μ=0.0012 σ=0.0285
21:55:31 | train                | INFO | Processing NFLX...
21:55:31 | utils.data_loader    | INFO | Loading NFLX from cache
21:55:31 | utils.feature_engineering | INFO | Computed 45 features for 1257 rows
21:55:31 | train                | INFO |   NFLX: 1226 sequences | UP=51.22% | Return: μ=0.0011 σ=0.0288
21:55:31 | train                | INFO | Processing AMD...
21:55:31 | utils.data_loader    | INFO | Loading AMD from cache
21:55:31 | utils.feature_engineering | INFO | Computed 45 features for 1257 rows
21:55:31 | train                | INFO |   AMD: 1226 sequences | UP=49.02% | Return: μ=0.0012 σ=0.0333
21:55:31 | train                | INFO | Processing SPY...
21:55:31 | utils.data_loader    | INFO | Loading SPY from cache
21:55:31 | utils.feature_engineering | INFO | Computed 45 features for 1257 rows
21:55:31 | train                | INFO |   SPY: 1226 sequences | UP=54.57% | Return: μ=0.0006 σ=0.0133
21:55:31 | train                | INFO | 
Total dataset: 12,260 samples
21:55:31 | train                | INFO | Feature shape: (12260, 30, 20)
21:55:31 | train                | INFO | Direction balance: UP=52.59%
21:55:31 | httpx                | INFO | HTTP Request: HEAD https://huggingface.co/ProsusAI/finbert/resolve/main/config.json "HTTP/1.1 307 Temporary Redirect"
21:55:31 | huggingface_hub.utils._http | WARNING | Warning: You are sending unauthenticated requests to the HF Hub. Please set a HF_TOKEN to enable higher rate limits and faster downloads.
21:55:31 | httpx                | INFO | HTTP Request: HEAD https://huggingface.co/api/resolve-cache/models/ProsusAI/finbert/4556d13015211d73dccd3fdd39d39232506f3e43/config.json "HTTP/1.1 200 OK"
21:55:31 | httpx                | INFO | HTTP Request: HEAD https://huggingface.co/ProsusAI/finbert/resolve/main/tokenizer_config.json "HTTP/1.1 307 Temporary Redirect"
21:55:31 | httpx                | INFO | HTTP Request: HEAD https://huggingface.co/api/resolve-cache/models/ProsusAI/finbert/4556d13015211d73dccd3fdd39d39232506f3e43/tokenizer_config.json "HTTP/1.1 200 OK"
21:55:31 | httpx                | INFO | HTTP Request: GET https://huggingface.co/api/models/ProsusAI/finbert/tree/main/additional_chat_templates?recursive=false&expand=false "HTTP/1.1 404 Not Found"
21:55:31 | httpx                | INFO | HTTP Request: GET https://huggingface.co/api/models/ProsusAI/finbert/tree/main?recursive=true&expand=false "HTTP/1.1 200 OK"
21:55:31 | utils.data_loader    | INFO | Dataset initialized: 12260 samples
21:55:31 | utils.data_loader    | INFO |   Direction distribution: Class 0: 47.4% | Class 1: 52.6%
21:55:31 | train                | INFO | Dataset built in 0.8s
21:55:31 | utils.data_loader    | INFO | DataLoader splits: train=8582, val=1839, test=1839
21:55:31 | train                | INFO | 
Building model...
21:55:31 | models.text_encoder  | INFO | Loading pretrained model: ProsusAI/finbert
21:55:31 | httpx                | INFO | HTTP Request: HEAD https://huggingface.co/ProsusAI/finbert/resolve/main/config.json "HTTP/1.1 307 Temporary Redirect"
21:55:32 | httpx                | INFO | HTTP Request: HEAD https://huggingface.co/api/resolve-cache/models/ProsusAI/finbert/4556d13015211d73dccd3fdd39d39232506f3e43/config.json "HTTP/1.1 200 OK"
21:55:32 | httpx                | INFO | HTTP Request: HEAD https://huggingface.co/ProsusAI/finbert/resolve/main/model.safetensors "HTTP/1.1 404 Not Found"
21:55:32 | httpx                | INFO | HTTP Request: GET https://huggingface.co/api/models/ProsusAI/finbert "HTTP/1.1 200 OK"
21:55:32 | httpx                | INFO | HTTP Request: GET https://huggingface.co/api/models/ProsusAI/finbert/commits/main "HTTP/1.1 200 OK"
21:55:32 | httpx                | INFO | HTTP Request: GET https://huggingface.co/api/models/ProsusAI/finbert/discussions?p=0 "HTTP/1.1 200 OK"
21:55:32 | httpx                | INFO | HTTP Request: GET https://huggingface.co/api/models/ProsusAI/finbert/commits/refs%2Fpr%2F29 "HTTP/1.1 200 OK"
21:55:32 | models.text_encoder  | INFO | Frozen 133/199 BERT parameters
21:55:32 | httpx                | INFO | HTTP Request: HEAD https://huggingface.co/ProsusAI/finbert/resolve/refs%2Fpr%2F29/model.safetensors.index.json "HTTP/1.1 404 Not Found"
21:55:32 | httpx                | INFO | HTTP Request: HEAD https://huggingface.co/ProsusAI/finbert/resolve/refs%2Fpr%2F29/model.safetensors "HTTP/1.1 302 Found"
21:55:33 | models.aura_market_net | INFO | AuraMarketNet initialized
21:55:33 | models.aura_market_net | INFO |   Total parameters:     118,742,705
21:55:33 | models.aura_market_net | INFO |   Trainable parameters: 38,202,545
21:55:33 | models.aura_market_net | INFO |   Frozen parameters:    80,540,160
21:55:33 | train                | INFO | Model created: 118,742,705 parameters
21:55:33 | training.trainer     | INFO | Training on device: mps
21:55:33 | training.trainer     | INFO | Optimizer: AdamW | BERT LR=1e-05 | Other LR=2e-05
21:55:33 | training.trainer     | INFO |   BERT params: 29,354,500
21:55:33 | training.trainer     | INFO |   Other params: 8,848,045
21:55:33 | train                | INFO | 
Starting training...
21:55:33 | training.trainer     | INFO | Scheduler: Cosine with 402 warmup steps / 4020 total
21:55:33 | training.trainer     | INFO | 
============================================================
21:55:33 | training.trainer     | INFO | Starting training: 30 epochs
21:55:33 | training.trainer     | INFO | Total steps: 4020
21:55:33 | training.trainer     | INFO | ============================================================

21:55:38 | numexpr.utils        | INFO | NumExpr defaulting to 8 threads.
21:55:42 | numexpr.utils        | INFO | NumExpr defaulting to 8 threads.
21:56:13 | training.trainer     | INFO |   Epoch 1/30 | Step 0/537 | Loss: 0.7471 | LR: 0.00e+00
21:58:02 | train                | INFO | 
Training interrupted by user
